<?xml version="1.0" encoding="UTF-8"?>
<testng-results ignored="0" total="1" passed="1" failed="0" skipped="0">
  <reporter-output>
  </reporter-output>
  <suite started-at="2020-07-18T17:10:22Z" name="Default suite" finished-at="2020-07-18T17:10:22Z" duration-ms="57">
    <groups>
    </groups>
    <test started-at="2020-07-18T17:10:22Z" name="Default test" finished-at="2020-07-18T17:10:22Z" duration-ms="57">
      <class name="com.amulia.D1">
        <test-method signature="A()[pri:0, instance:com.amulia.D1@667a738]" started-at="2020-07-18T17:10:22Z" name="A" finished-at="2020-07-18T17:10:22Z" duration-ms="15" status="PASS">
          <reporter-output>
          </reporter-output>
        </test-method> <!-- A -->
      </class> <!-- com.amulia.D1 -->
    </test> <!-- Default test -->
  </suite> <!-- Default suite -->
</testng-results>
